<?xml version="1.0" encoding="UTF-8"?>
<!-- Generated by org.testng.reporters.JUnitReportReporter -->
<testsuite hostname="DESKTOP-DC5U0BQ" failures="0" tests="3" name="Hero_Connect_Page_Test.Google_page_Test" time="3.689" errors="0" timestamp="2023-03-30T16:42:44 IST" skipped="0">
  <testcase classname="Hero_Connect_Page_Test.Google_page_Test" name="get_Title" time="0.018"/>
  <system-out/>
  <testcase classname="Hero_Connect_Page_Test.Google_page_Test" name="search_hero_connect" time="0.159"/>
  <system-out/>
  <testcase classname="Hero_Connect_Page_Test.Google_page_Test" name="click_on_Hero_connect" time="3.512"/>
  <system-out/>
</testsuite> <!-- Hero_Connect_Page_Test.Google_page_Test -->
