<?xml version="1.0" encoding="UTF-8"?>
<!-- Generated by org.testng.reporters.JUnitReportReporter -->
<testsuite hostname="DESKTOP-DC5U0BQ" failures="0" tests="3" name="Hero_Connect_Page_Test.Google_page_Test" time="40.671" errors="0" timestamp="2023-04-11T08:55:48 IST" skipped="0">
  <testcase classname="Hero_Connect_Page_Test.Google_page_Test" name="get_Title" time="0.019"/>
  <system-out/>
  <testcase classname="Hero_Connect_Page_Test.Google_page_Test" name="search_hero_connect" time="20.359"/>
  <system-out/>
  <testcase classname="Hero_Connect_Page_Test.Google_page_Test" name="click_on_Hero_connect" time="20.293"/>
  <system-out/>
</testsuite> <!-- Hero_Connect_Page_Test.Google_page_Test -->
