<?xml version="1.0" encoding="UTF-8"?>
<!-- Generated by org.testng.reporters.JUnitReportReporter -->
<testsuite hostname="DESKTOP-I3GA21P" failures="0" tests="9" name="Hero_Connect_Page_Test.Google_page_Test" time="36.876" errors="0" timestamp="2023-03-15T10:20:32 IST" skipped="0">
  <testcase classname="Hero_Connect_Page_Test.Google_page_Test" name="get_Title" time="0.402"/>
  <system-out/>
  <testcase classname="Hero_Connect_Page_Test.Google_page_Test" name="get_Title" time="0.924"/>
  <system-out/>
  <testcase classname="Hero_Connect_Page_Test.Google_page_Test" name="get_Title" time="0.608"/>
  <system-out/>
  <testcase classname="Hero_Connect_Page_Test.Google_page_Test" name="search_hero_connect" time="0.853"/>
  <system-out/>
  <testcase classname="Hero_Connect_Page_Test.Google_page_Test" name="search_hero_connect" time="0.727"/>
  <system-out/>
  <testcase classname="Hero_Connect_Page_Test.Google_page_Test" name="search_hero_connect" time="1.215"/>
  <system-out/>
  <testcase classname="Hero_Connect_Page_Test.Google_page_Test" name="click_on_Hero_connect" time="10.757"/>
  <system-out/>
  <testcase classname="Hero_Connect_Page_Test.Google_page_Test" name="click_on_Hero_connect" time="10.781"/>
  <system-out/>
  <testcase classname="Hero_Connect_Page_Test.Google_page_Test" name="click_on_Hero_connect" time="10.609"/>
  <system-out/>
</testsuite> <!-- Hero_Connect_Page_Test.Google_page_Test -->
