<?xml version="1.0" encoding="UTF-8"?>
<!-- Generated by org.testng.reporters.JUnitReportReporter -->
<testsuite hostname="DESKTOP-I3GA21P" failures="0" tests="3" name="Hero_Connect_Page_Test.Google_page_Test" time="4.068" errors="0" timestamp="2023-03-15T22:00:11 IST" skipped="0">
  <testcase classname="Hero_Connect_Page_Test.Google_page_Test" name="get_Title" time="0.034"/>
  <system-out/>
  <testcase classname="Hero_Connect_Page_Test.Google_page_Test" name="search_hero_connect" time="0.386"/>
  <system-out/>
  <testcase classname="Hero_Connect_Page_Test.Google_page_Test" name="click_on_Hero_connect" time="3.648"/>
  <system-out/>
</testsuite> <!-- Hero_Connect_Page_Test.Google_page_Test -->
